# JRE version: Java(TM) SE Runtime Environment (8.0_66-b18) (build 1.8.0_66-b18)
# Java VM: Java HotSpot(TM) 64-Bit Server VM (25.66-b18 mixed mode windows-amd64 compressed oops)
Heap:
 PSYoungGen      total 39424K, used 22484K [0x00000000eb200000, 0x00000000ee500000, 0x0000000100000000)
  eden space 32768K, 48% used [0x00000000eb200000,0x00000000ec179350,0x00000000ed200000)
  from space 6656K, 99% used [0x00000000edb00000,0x00000000ee17bcf0,0x00000000ee180000)
  to   space 9216K, 0% used [0x00000000ed200000,0x00000000ed200000,0x00000000edb00000)
 ParOldGen       total 38912K, used 12440K [0x00000000c1600000, 0x00000000c3c00000, 0x00000000eb200000)
  object space 38912K, 31% used [0x00000000c1600000,0x00000000c22260a8,0x00000000c3c00000)
 Metaspace       used 28038K, capacity 29772K, committed 29824K, reserved 1075200K
  class space    used 3910K, capacity 4218K, committed 4224K, reserved 1048576K
GC Heap History (10 events):
Event: 33.552 GC heap before
{Heap before GC invocations=5 (full 1):
 PSYoungGen      total 18944K, used 2528K [0x00000000eb200000, 0x00000000ec700000, 0x0000000100000000)
  eden space 16384K, 0% used [0x00000000eb200000,0x00000000eb200000,0x00000000ec200000)
  from space 2560K, 98% used [0x00000000ec480000,0x00000000ec6f8020,0x00000000ec700000)
  to   space 2560K, 0% used [0x00000000ec200000,0x00000000ec200000,0x00000000ec480000)
 ParOldGen       total 44032K, used 6632K [0x00000000c1600000, 0x00000000c4100000, 0x00000000eb200000)
  object space 44032K, 15% used [0x00000000c1600000,0x00000000c1c7a0f0,0x00000000c4100000)
 Metaspace       used 20403K, capacity 21132K, committed 21248K, reserved 1067008K
  class space    used 2828K, capacity 3028K, committed 3072K, reserved 1048576K
Event: 33.849 GC heap after
Heap after GC invocations=5 (full 1):
 PSYoungGen      total 18944K, used 0K [0x00000000eb200000, 0x00000000ec700000, 0x0000000100000000)
  eden space 16384K, 0% used [0x00000000eb200000,0x00000000eb200000,0x00000000ec200000)
  from space 2560K, 0% used [0x00000000ec480000,0x00000000ec480000,0x00000000ec700000)
  to   space 2560K, 0% used [0x00000000ec200000,0x00000000ec200000,0x00000000ec480000)
 ParOldGen       total 38912K, used 8580K [0x00000000c1600000, 0x00000000c3c00000, 0x00000000eb200000)
  object space 38912K, 22% used [0x00000000c1600000,0x00000000c1e61308,0x00000000c3c00000)
 Metaspace       used 20403K, capacity 21132K, committed 21248K, reserved 1067008K
  class space    used 2828K, capacity 3028K, committed 3072K, reserved 1048576K
}
Event: 35.630 GC heap before
{Heap before GC invocations=6 (full 1):
 PSYoungGen      total 18944K, used 16384K [0x00000000eb200000, 0x00000000ec700000, 0x0000000100000000)
  eden space 16384K, 100% used [0x00000000eb200000,0x00000000ec200000,0x00000000ec200000)
  from space 2560K, 0% used [0x00000000ec480000,0x00000000ec480000,0x00000000ec700000)
  to   space 2560K, 0% used [0x00000000ec200000,0x00000000ec200000,0x00000000ec480000)
 ParOldGen       total 38912K, used 8580K [0x00000000c1600000, 0x00000000c3c00000, 0x00000000eb200000)
  object space 38912K, 22% used [0x00000000c1600000,0x00000000c1e61308,0x00000000c3c00000)
 Metaspace       used 23339K, capacity 24262K, committed 24448K, reserved 1071104K
  class space    used 3207K, capacity 3447K, committed 3456K, reserved 1048576K
Event: 35.639 GC heap after
Heap after GC invocations=6 (full 1):
 PSYoungGen      total 18944K, used 2016K [0x00000000eb200000, 0x00000000ed580000, 0x0000000100000000)
  eden space 16384K, 0% used [0x00000000eb200000,0x00000000eb200000,0x00000000ec200000)
  from space 2560K, 78% used [0x00000000ec200000,0x00000000ec3f8188,0x00000000ec480000)
  to   space 6656K, 0% used [0x00000000ecf00000,0x00000000ecf00000,0x00000000ed580000)
 ParOldGen       total 38912K, used 8588K [0x00000000c1600000, 0x00000000c3c00000, 0x00000000eb200000)
  object space 38912K, 22% used [0x00000000c1600000,0x00000000c1e63308,0x00000000c3c00000)
 Metaspace       used 23339K, capacity 24262K, committed 24448K, reserved 1071104K
  class space    used 3207K, capacity 3447K, committed 3456K, reserved 1048576K
}
Event: 36.790 GC heap before
{Heap before GC invocations=7 (full 1):
 PSYoungGen      total 18944K, used 18400K [0x00000000eb200000, 0x00000000ed580000, 0x0000000100000000)
  eden space 16384K, 100% used [0x00000000eb200000,0x00000000ec200000,0x00000000ec200000)
  from space 2560K, 78% used [0x00000000ec200000,0x00000000ec3f8188,0x00000000ec480000)
  to   space 6656K, 0% used [0x00000000ecf00000,0x00000000ecf00000,0x00000000ed580000)
 ParOldGen       total 38912K, used 8588K [0x00000000c1600000, 0x00000000c3c00000, 0x00000000eb200000)
  object space 38912K, 22% used [0x00000000c1600000,0x00000000c1e63308,0x00000000c3c00000)
 Metaspace       used 23591K, capacity 24568K, committed 24704K, reserved 1071104K
  class space    used 3235K, capacity 3456K, committed 3456K, reserved 1048576K
Event: 36.806 GC heap after
Heap after GC invocations=7 (full 1):
 PSYoungGen      total 29696K, used 1645K [0x00000000eb200000, 0x00000000ed700000, 0x0000000100000000)
  eden space 23040K, 0% used [0x00000000eb200000,0x00000000eb200000,0x00000000ec880000)
  from space 6656K, 24% used [0x00000000ecf00000,0x00000000ed09b410,0x00000000ed580000)
  to   space 6656K, 0% used [0x00000000ec880000,0x00000000ec880000,0x00000000ecf00000)
 ParOldGen       total 38912K, used 8596K [0x00000000c1600000, 0x00000000c3c00000, 0x00000000eb200000)
  object space 38912K, 22% used [0x00000000c1600000,0x00000000c1e65308,0x00000000c3c00000)
 Metaspace       used 23591K, capacity 24568K, committed 24704K, reserved 1071104K
  class space    used 3235K, capacity 3456K, committed 3456K, reserved 1048576K
}
Event: 38.964 GC heap before
{Heap before GC invocations=8 (full 1):
 PSYoungGen      total 29696K, used 24377K [0x00000000eb200000, 0x00000000ed700000, 0x0000000100000000)
  eden space 23040K, 98% used [0x00000000eb200000,0x00000000ec8332c0,0x00000000ec880000)
  from space 6656K, 24% used [0x00000000ecf00000,0x00000000ed09b410,0x00000000ed580000)
  to   space 6656K, 0% used [0x00000000ec880000,0x00000000ec880000,0x00000000ecf00000)
 ParOldGen       total 38912K, used 8596K [0x00000000c1600000, 0x00000000c3c00000, 0x00000000eb200000)
  object space 38912K, 22% used [0x00000000c1600000,0x00000000c1e65308,0x00000000c3c00000)
 Metaspace       used 25388K, capacity 26858K, committed 26880K, reserved 1073152K
  class space    used 3539K, capacity 3833K, committed 3840K, reserved 1048576K
Event: 38.994 GC heap after
Heap after GC invocations=8 (full 1):
 PSYoungGen      total 29696K, used 3894K [0x00000000eb200000, 0x00000000ee180000, 0x0000000100000000)
  eden space 23040K, 0% used [0x00000000eb200000,0x00000000eb200000,0x00000000ec880000)
  from space 6656K, 58% used [0x00000000ec880000,0x00000000ecc4da78,0x00000000ecf00000)
  to   space 6656K, 0% used [0x00000000edb00000,0x00000000edb00000,0x00000000ee180000)
 ParOldGen       total 38912K, used 8604K [0x00000000c1600000, 0x00000000c3c00000, 0x00000000eb200000)
  object space 38912K, 22% used [0x00000000c1600000,0x00000000c1e67308,0x00000000c3c00000)
 Metaspace       used 25388K, capacity 26858K, committed 26880K, reserved 1073152K
  class space    used 3539K, capacity 3833K, committed 3840K, reserved 1048576K
}
Event: 58.625 GC heap before
{Heap before GC invocations=9 (full 1):
 PSYoungGen      total 29696K, used 26934K [0x00000000eb200000, 0x00000000ee180000, 0x0000000100000000)
  eden space 23040K, 100% used [0x00000000eb200000,0x00000000ec880000,0x00000000ec880000)
  from space 6656K, 58% used [0x00000000ec880000,0x00000000ecc4da78,0x00000000ecf00000)
  to   space 6656K, 0% used [0x00000000edb00000,0x00000000edb00000,0x00000000ee180000)
 ParOldGen       total 38912K, used 8604K [0x00000000c1600000, 0x00000000c3c00000, 0x00000000eb200000)
  object space 38912K, 22% used [0x00000000c1600000,0x00000000c1e67308,0x00000000c3c00000)
 Metaspace       used 27711K, capacity 29392K, committed 29568K, reserved 1075200K
  class space    used 3889K, capacity 4208K, committed 4224K, reserved 1048576K
Event: 58.662 GC heap after
Heap after GC invocations=9 (full 1):
 PSYoungGen      total 39424K, used 6639K [0x00000000eb200000, 0x00000000ee500000, 0x0000000100000000)
  eden space 32768K, 0% used [0x00000000eb200000,0x00000000eb200000,0x00000000ed200000)
  from space 6656K, 99% used [0x00000000edb00000,0x00000000ee17bcf0,0x00000000ee180000)
  to   space 9216K, 0% used [0x00000000ed200000,0x00000000ed200000,0x00000000edb00000)
 ParOldGen       total 38912K, used 12440K [0x00000000c1600000, 0x00000000c3c00000, 0x00000000eb200000)
  object space 38912K, 31% used [0x00000000c1600000,0x00000000c22260a8,0x00000000c3c00000)
 Metaspace       used 27711K, capacity 29392K, committed 29568K, reserved 1075200K
  class space    used 3889K, capacity 4208K, committed 4224K, reserved 1048576K
}

